# JRE version: OpenJDK Runtime Environment Temurin-21.0.4+7 (21.0.4+7) (build 21.0.4+7-LTS)
# Java VM: OpenJDK 64-Bit Server VM Temurin-21.0.4+7 (21.0.4+7-LTS, mixed mode, sharing, tiered, compressed oops, compressed class ptrs, g1 gc, linux-amd64)
GC Precious Log:
 CardTable entry size: 512
 Card Set container configuration: InlinePtr #cards 4 size 8 Array Of Cards #cards 16 size 48 Howl #buckets 8 coarsen threshold 3686 Howl Bitmap #cards 512 size 80 coarsen threshold 460 Card regions per heap region 1 cards per card region 4096
 CPUs: 12 total, 12 available
 Memory: 15657M
 Large Page Support: Disabled
 NUMA Support: Disabled
 Compressed Oops: Enabled (Zero based)
 Heap Region Size: 2M
 Heap Min Capacity: 8M
 Heap Initial Capacity: 246M
 Heap Max Capacity: 3916M
 Pre-touch: Disabled
 Parallel Workers: 10
 Concurrent Workers: 3
 Concurrent Refinement Workers: 10
 Periodic GC: Disabled
Heap:
 garbage-first heap   total 1013760K, used 566986K [0x000000070b400000, 0x0000000800000000)
  region size 2048K, 50 young (102400K), 9 survivors (18432K)
 Metaspace       used 125941K, committed 127552K, reserved 1179648K
  class space    used 18230K, committed 18944K, reserved 1048576K
GC Heap History (20 events):
Event: 15.342 GC heap before
{Heap before GC invocations=41 (full 0):
 garbage-first heap   total 663552K, used 582686K [0x000000070b400000, 0x0000000800000000)
  region size 2048K, 100 young (204800K), 8 survivors (16384K)
 Metaspace       used 120884K, committed 122304K, reserved 1179648K
  class space    used 17675K, committed 18304K, reserved 1048576K
}
Event: 15.348 GC heap after
{Heap after GC invocations=42 (full 0):
 garbage-first heap   total 663552K, used 411588K [0x000000070b400000, 0x0000000800000000)
  region size 2048K, 8 young (16384K), 8 survivors (16384K)
 Metaspace       used 120884K, committed 122304K, reserved 1179648K
  class space    used 17675K, committed 18304K, reserved 1048576K
}
Event: 15.587 GC heap before
{Heap before GC invocations=42 (full 0):
 garbage-first heap   total 663552K, used 608196K [0x000000070b400000, 0x0000000800000000)
  region size 2048K, 105 young (215040K), 8 survivors (16384K)
 Metaspace       used 121594K, committed 123008K, reserved 1179648K
  class space    used 17757K, committed 18368K, reserved 1048576K
}
Event: 15.593 GC heap after
{Heap after GC invocations=43 (full 0):
 garbage-first heap   total 663552K, used 414008K [0x000000070b400000, 0x0000000800000000)
  region size 2048K, 11 young (22528K), 11 survivors (22528K)
 Metaspace       used 121594K, committed 123008K, reserved 1179648K
  class space    used 17757K, committed 18368K, reserved 1048576K
}
Event: 15.824 GC heap before
{Heap before GC invocations=43 (full 0):
 garbage-first heap   total 663552K, used 602424K [0x000000070b400000, 0x0000000800000000)
  region size 2048K, 104 young (212992K), 11 survivors (22528K)
 Metaspace       used 121858K, committed 123328K, reserved 1179648K
  class space    used 17768K, committed 18432K, reserved 1048576K
}
Event: 15.831 GC heap after
{Heap after GC invocations=44 (full 0):
 garbage-first heap   total 663552K, used 422542K [0x000000070b400000, 0x0000000800000000)
  region size 2048K, 10 young (20480K), 10 survivors (20480K)
 Metaspace       used 121858K, committed 123328K, reserved 1179648K
  class space    used 17768K, committed 18432K, reserved 1048576K
}
Event: 16.128 GC heap before
{Heap before GC invocations=45 (full 0):
 garbage-first heap   total 710656K, used 600718K [0x000000070b400000, 0x0000000800000000)
  region size 2048K, 98 young (200704K), 10 survivors (20480K)
 Metaspace       used 122117K, committed 123584K, reserved 1179648K
  class space    used 17783K, committed 18432K, reserved 1048576K
}
Event: 16.134 GC heap after
{Heap after GC invocations=46 (full 0):
 garbage-first heap   total 710656K, used 431847K [0x000000070b400000, 0x0000000800000000)
  region size 2048K, 10 young (20480K), 10 survivors (20480K)
 Metaspace       used 122117K, committed 123584K, reserved 1179648K
  class space    used 17783K, committed 18432K, reserved 1048576K
}
Event: 16.383 GC heap before
{Heap before GC invocations=46 (full 0):
 garbage-first heap   total 710656K, used 648935K [0x000000070b400000, 0x0000000800000000)
  region size 2048K, 117 young (239616K), 10 survivors (20480K)
 Metaspace       used 122398K, committed 123840K, reserved 1179648K
  class space    used 17803K, committed 18432K, reserved 1048576K
}
Event: 16.391 GC heap after
{Heap after GC invocations=47 (full 0):
 garbage-first heap   total 1013760K, used 435250K [0x000000070b400000, 0x0000000800000000)
  region size 2048K, 10 young (20480K), 10 survivors (20480K)
 Metaspace       used 122398K, committed 123840K, reserved 1179648K
  class space    used 17803K, committed 18432K, reserved 1048576K
}
Event: 17.028 GC heap before
{Heap before GC invocations=47 (full 0):
 garbage-first heap   total 1013760K, used 914482K [0x000000070b400000, 0x0000000800000000)
  region size 2048K, 245 young (501760K), 10 survivors (20480K)
 Metaspace       used 123642K, committed 125248K, reserved 1179648K
  class space    used 17988K, committed 18688K, reserved 1048576K
}
Event: 17.037 GC heap after
{Heap after GC invocations=48 (full 0):
 garbage-first heap   total 1013760K, used 456495K [0x000000070b400000, 0x0000000800000000)
  region size 2048K, 21 young (43008K), 21 survivors (43008K)
 Metaspace       used 123642K, committed 125248K, reserved 1179648K
  class space    used 17988K, committed 18688K, reserved 1048576K
}
Event: 17.477 GC heap before
{Heap before GC invocations=48 (full 0):
 garbage-first heap   total 1013760K, used 911151K [0x000000070b400000, 0x0000000800000000)
  region size 2048K, 244 young (499712K), 21 survivors (43008K)
 Metaspace       used 124240K, committed 125824K, reserved 1179648K
  class space    used 18071K, committed 18752K, reserved 1048576K
}
Event: 17.487 GC heap after
{Heap after GC invocations=49 (full 0):
 garbage-first heap   total 1013760K, used 479229K [0x000000070b400000, 0x0000000800000000)
  region size 2048K, 28 young (57344K), 28 survivors (57344K)
 Metaspace       used 124240K, committed 125824K, reserved 1179648K
  class space    used 18071K, committed 18752K, reserved 1048576K
}
Event: 17.814 GC heap before
{Heap before GC invocations=49 (full 0):
 garbage-first heap   total 1013760K, used 899069K [0x000000070b400000, 0x0000000800000000)
  region size 2048K, 234 young (479232K), 28 survivors (57344K)
 Metaspace       used 124592K, committed 126144K, reserved 1179648K
  class space    used 18126K, committed 18816K, reserved 1048576K
}
Event: 17.826 GC heap after
{Heap after GC invocations=50 (full 0):
 garbage-first heap   total 1013760K, used 490999K [0x000000070b400000, 0x0000000800000000)
  region size 2048K, 20 young (40960K), 20 survivors (40960K)
 Metaspace       used 124592K, committed 126144K, reserved 1179648K
  class space    used 18126K, committed 18816K, reserved 1048576K
}
Event: 20.891 GC heap before
{Heap before GC invocations=51 (full 0):
 garbage-first heap   total 1013760K, used 914935K [0x000000070b400000, 0x0000000800000000)
  region size 2048K, 228 young (466944K), 20 survivors (40960K)
 Metaspace       used 125184K, committed 126720K, reserved 1179648K
  class space    used 18148K, committed 18816K, reserved 1048576K
}
Event: 20.898 GC heap after
{Heap after GC invocations=52 (full 0):
 garbage-first heap   total 1013760K, used 491302K [0x000000070b400000, 0x0000000800000000)
  region size 2048K, 10 young (20480K), 10 survivors (20480K)
 Metaspace       used 125184K, committed 126720K, reserved 1179648K
  class space    used 18148K, committed 18816K, reserved 1048576K
}
Event: 25.105 GC heap before
{Heap before GC invocations=52 (full 0):
 garbage-first heap   total 1013760K, used 937766K [0x000000070b400000, 0x0000000800000000)
  region size 2048K, 228 young (466944K), 10 survivors (20480K)
 Metaspace       used 125450K, committed 127104K, reserved 1179648K
  class space    used 18156K, committed 18880K, reserved 1048576K
}
Event: 25.114 GC heap after
{Heap after GC invocations=53 (full 0):
 garbage-first heap   total 1013760K, used 487114K [0x000000070b400000, 0x0000000800000000)
  region size 2048K, 9 young (18432K), 9 survivors (18432K)
 Metaspace       used 125450K, committed 127104K, reserved 1179648K
  class space    used 18156K, committed 18880K, reserved 1048576K
}

