# JRE version: OpenJDK Runtime Environment Temurin-21.0.4+7 (21.0.4+7) (build 21.0.4+7-LTS)
# Java VM: OpenJDK 64-Bit Server VM Temurin-21.0.4+7 (21.0.4+7-LTS, mixed mode, sharing, tiered, compressed oops, compressed class ptrs, g1 gc, linux-amd64)
GC Precious Log:
 CardTable entry size: 512
 Card Set container configuration: InlinePtr #cards 4 size 8 Array Of Cards #cards 16 size 48 Howl #buckets 8 coarsen threshold 3686 Howl Bitmap #cards 512 size 80 coarsen threshold 460 Card regions per heap region 1 cards per card region 4096
 CPUs: 12 total, 12 available
 Memory: 15657M
 Large Page Support: Disabled
 NUMA Support: Disabled
 Compressed Oops: Enabled (Zero based)
 Heap Region Size: 2M
 Heap Min Capacity: 8M
 Heap Initial Capacity: 246M
 Heap Max Capacity: 3916M
 Pre-touch: Disabled
 Parallel Workers: 10
 Concurrent Workers: 3
 Concurrent Refinement Workers: 10
 Periodic GC: Disabled
Heap:
 garbage-first heap   total 921600K, used 491336K [0x000000070b400000, 0x0000000800000000)
  region size 2048K, 15 young (30720K), 11 survivors (22528K)
 Metaspace       used 127046K, committed 128640K, reserved 1179648K
  class space    used 18357K, committed 19072K, reserved 1048576K
GC Heap History (20 events):
Event: 17.605 GC heap before
{Heap before GC invocations=47 (full 0):
 garbage-first heap   total 921600K, used 821323K [0x000000070b400000, 0x0000000800000000)
  region size 2048K, 200 young (409600K), 23 survivors (47104K)
 Metaspace       used 123919K, committed 125504K, reserved 1179648K
  class space    used 18032K, committed 18752K, reserved 1048576K
}
Event: 17.616 GC heap after
{Heap after GC invocations=48 (full 0):
 garbage-first heap   total 921600K, used 477646K [0x000000070b400000, 0x0000000800000000)
  region size 2048K, 19 young (38912K), 19 survivors (38912K)
 Metaspace       used 123919K, committed 125504K, reserved 1179648K
  class space    used 18032K, committed 18752K, reserved 1048576K
}
Event: 18.075 GC heap before
{Heap before GC invocations=49 (full 0):
 garbage-first heap   total 921600K, used 831950K [0x000000070b400000, 0x0000000800000000)
  region size 2048K, 193 young (395264K), 19 survivors (38912K)
 Metaspace       used 124208K, committed 125760K, reserved 1179648K
  class space    used 18067K, committed 18752K, reserved 1048576K
}
Event: 18.084 GC heap after
{Heap after GC invocations=50 (full 0):
 garbage-first heap   total 921600K, used 492910K [0x000000070b400000, 0x0000000800000000)
  region size 2048K, 17 young (34816K), 17 survivors (34816K)
 Metaspace       used 124208K, committed 125760K, reserved 1179648K
  class space    used 18067K, committed 18752K, reserved 1048576K
}
Event: 19.047 GC heap before
{Heap before GC invocations=50 (full 0):
 garbage-first heap   total 921600K, used 834926K [0x000000070b400000, 0x0000000800000000)
  region size 2048K, 185 young (378880K), 17 survivors (34816K)
 Metaspace       used 124459K, committed 126016K, reserved 1179648K
  class space    used 18075K, committed 18752K, reserved 1048576K
}
Event: 19.055 GC heap after
{Heap after GC invocations=51 (full 0):
 garbage-first heap   total 921600K, used 491298K [0x000000070b400000, 0x0000000800000000)
  region size 2048K, 10 young (20480K), 10 survivors (20480K)
 Metaspace       used 124459K, committed 126016K, reserved 1179648K
  class space    used 18075K, committed 18752K, reserved 1048576K
}
Event: 23.042 GC heap before
{Heap before GC invocations=51 (full 0):
 garbage-first heap   total 921600K, used 851746K [0x000000070b400000, 0x0000000800000000)
  region size 2048K, 186 young (380928K), 10 survivors (20480K)
 Metaspace       used 124994K, committed 126592K, reserved 1179648K
  class space    used 18097K, committed 18816K, reserved 1048576K
}
Event: 23.049 GC heap after
{Heap after GC invocations=52 (full 0):
 garbage-first heap   total 921600K, used 490705K [0x000000070b400000, 0x0000000800000000)
  region size 2048K, 10 young (20480K), 10 survivors (20480K)
 Metaspace       used 124994K, committed 126592K, reserved 1179648K
  class space    used 18097K, committed 18816K, reserved 1048576K
}
Event: 27.919 GC heap before
{Heap before GC invocations=53 (full 0):
 garbage-first heap   total 921600K, used 851153K [0x000000070b400000, 0x0000000800000000)
  region size 2048K, 186 young (380928K), 10 survivors (20480K)
 Metaspace       used 125470K, committed 127040K, reserved 1179648K
  class space    used 18132K, committed 18816K, reserved 1048576K
}
Event: 27.926 GC heap after
{Heap after GC invocations=54 (full 0):
 garbage-first heap   total 921600K, used 491277K [0x000000070b400000, 0x0000000800000000)
  region size 2048K, 10 young (20480K), 10 survivors (20480K)
 Metaspace       used 125470K, committed 127040K, reserved 1179648K
  class space    used 18132K, committed 18816K, reserved 1048576K
}
Event: 31.375 GC heap before
{Heap before GC invocations=54 (full 0):
 garbage-first heap   total 921600K, used 851725K [0x000000070b400000, 0x0000000800000000)
  region size 2048K, 186 young (380928K), 10 survivors (20480K)
 Metaspace       used 125997K, committed 127616K, reserved 1179648K
  class space    used 18234K, committed 18944K, reserved 1048576K
}
Event: 31.384 GC heap after
{Heap after GC invocations=55 (full 0):
 garbage-first heap   total 921600K, used 487767K [0x000000070b400000, 0x0000000800000000)
  region size 2048K, 11 young (22528K), 11 survivors (22528K)
 Metaspace       used 125997K, committed 127616K, reserved 1179648K
  class space    used 18234K, committed 18944K, reserved 1048576K
}
Event: 34.730 GC heap before
{Heap before GC invocations=55 (full 0):
 garbage-first heap   total 921600K, used 848215K [0x000000070b400000, 0x0000000800000000)
  region size 2048K, 187 young (382976K), 11 survivors (22528K)
 Metaspace       used 126224K, committed 127872K, reserved 1179648K
  class space    used 18261K, committed 19008K, reserved 1048576K
}
Event: 34.735 GC heap after
{Heap after GC invocations=56 (full 0):
 garbage-first heap   total 921600K, used 489521K [0x000000070b400000, 0x0000000800000000)
  region size 2048K, 12 young (24576K), 12 survivors (24576K)
 Metaspace       used 126224K, committed 127872K, reserved 1179648K
  class space    used 18261K, committed 19008K, reserved 1048576K
}
Event: 37.755 GC heap before
{Heap before GC invocations=57 (full 0):
 garbage-first heap   total 921600K, used 845873K [0x000000070b400000, 0x0000000800000000)
  region size 2048K, 186 young (380928K), 12 survivors (24576K)
 Metaspace       used 126384K, committed 128064K, reserved 1179648K
  class space    used 18270K, committed 19008K, reserved 1048576K
}
Event: 37.761 GC heap after
{Heap after GC invocations=58 (full 0):
 garbage-first heap   total 921600K, used 490394K [0x000000070b400000, 0x0000000800000000)
  region size 2048K, 12 young (24576K), 12 survivors (24576K)
 Metaspace       used 126384K, committed 128064K, reserved 1179648K
  class space    used 18270K, committed 19008K, reserved 1048576K
}
Event: 41.018 GC heap before
{Heap before GC invocations=58 (full 0):
 garbage-first heap   total 921600K, used 846746K [0x000000070b400000, 0x0000000800000000)
  region size 2048K, 186 young (380928K), 12 survivors (24576K)
 Metaspace       used 126491K, committed 128128K, reserved 1179648K
  class space    used 18278K, committed 19008K, reserved 1048576K
}
Event: 41.027 GC heap after
{Heap after GC invocations=59 (full 0):
 garbage-first heap   total 921600K, used 487208K [0x000000070b400000, 0x0000000800000000)
  region size 2048K, 12 young (24576K), 12 survivors (24576K)
 Metaspace       used 126491K, committed 128128K, reserved 1179648K
  class space    used 18278K, committed 19008K, reserved 1048576K
}
Event: 44.423 GC heap before
{Heap before GC invocations=59 (full 0):
 garbage-first heap   total 921600K, used 845608K [0x000000070b400000, 0x0000000800000000)
  region size 2048K, 188 young (385024K), 12 survivors (24576K)
 Metaspace       used 126997K, committed 128640K, reserved 1179648K
  class space    used 18347K, committed 19072K, reserved 1048576K
}
Event: 44.428 GC heap after
{Heap after GC invocations=60 (full 0):
 garbage-first heap   total 921600K, used 485192K [0x000000070b400000, 0x0000000800000000)
  region size 2048K, 11 young (22528K), 11 survivors (22528K)
 Metaspace       used 126997K, committed 128640K, reserved 1179648K
  class space    used 18347K, committed 19072K, reserved 1048576K
}

