# JRE version: OpenJDK Runtime Environment Temurin-21.0.4+7 (21.0.4+7) (build 21.0.4+7-LTS)
# Java VM: OpenJDK 64-Bit Server VM Temurin-21.0.4+7 (21.0.4+7-LTS, mixed mode, sharing, tiered, compressed oops, compressed class ptrs, g1 gc, linux-amd64)
GC Precious Log:
 CardTable entry size: 512
 Card Set container configuration: InlinePtr #cards 4 size 8 Array Of Cards #cards 16 size 48 Howl #buckets 8 coarsen threshold 3686 Howl Bitmap #cards 512 size 80 coarsen threshold 460 Card regions per heap region 1 cards per card region 4096
 CPUs: 12 total, 12 available
 Memory: 15657M
 Large Page Support: Disabled
 NUMA Support: Disabled
 Compressed Oops: Enabled (Zero based)
 Heap Region Size: 2M
 Heap Min Capacity: 8M
 Heap Initial Capacity: 246M
 Heap Max Capacity: 3916M
 Pre-touch: Disabled
 Parallel Workers: 10
 Concurrent Workers: 3
 Concurrent Refinement Workers: 10
 Periodic GC: Disabled
Heap:
 garbage-first heap   total 937984K, used 517110K [0x000000070b400000, 0x0000000800000000)
  region size 2048K, 26 young (53248K), 13 survivors (26624K)
 Metaspace       used 126544K, committed 128128K, reserved 1179648K
  class space    used 18262K, committed 18944K, reserved 1048576K
GC Heap History (20 events):
Event: 20.502 GC heap before
{Heap before GC invocations=46 (full 0):
 garbage-first heap   total 937984K, used 857276K [0x000000070b400000, 0x0000000800000000)
  region size 2048K, 194 young (397312K), 13 survivors (26624K)
 Metaspace       used 124606K, committed 126208K, reserved 1179648K
  class space    used 18058K, committed 18752K, reserved 1048576K
}
Event: 20.507 GC heap after
{Heap after GC invocations=47 (full 0):
 garbage-first heap   total 937984K, used 485510K [0x000000070b400000, 0x0000000800000000)
  region size 2048K, 12 young (24576K), 12 survivors (24576K)
 Metaspace       used 124606K, committed 126208K, reserved 1179648K
  class space    used 18058K, committed 18752K, reserved 1048576K
}
Event: 23.704 GC heap before
{Heap before GC invocations=48 (full 0):
 garbage-first heap   total 937984K, used 860294K [0x000000070b400000, 0x0000000800000000)
  region size 2048K, 195 young (399360K), 12 survivors (24576K)
 Metaspace       used 124930K, committed 126464K, reserved 1179648K
  class space    used 18067K, committed 18752K, reserved 1048576K
}
Event: 23.708 GC heap after
{Heap after GC invocations=49 (full 0):
 garbage-first heap   total 937984K, used 485772K [0x000000070b400000, 0x0000000800000000)
  region size 2048K, 12 young (24576K), 12 survivors (24576K)
 Metaspace       used 124930K, committed 126464K, reserved 1179648K
  class space    used 18067K, committed 18752K, reserved 1048576K
}
Event: 25.989 GC heap before
{Heap before GC invocations=49 (full 0):
 garbage-first heap   total 937984K, used 860556K [0x000000070b400000, 0x0000000800000000)
  region size 2048K, 195 young (399360K), 12 survivors (24576K)
 Metaspace       used 125036K, committed 126592K, reserved 1179648K
  class space    used 18076K, committed 18752K, reserved 1048576K
}
Event: 25.996 GC heap after
{Heap after GC invocations=50 (full 0):
 garbage-first heap   total 937984K, used 483479K [0x000000070b400000, 0x0000000800000000)
  region size 2048K, 13 young (26624K), 13 survivors (26624K)
 Metaspace       used 125036K, committed 126592K, reserved 1179648K
  class space    used 18076K, committed 18752K, reserved 1048576K
}
Event: 27.971 GC heap before
{Heap before GC invocations=50 (full 0):
 garbage-first heap   total 937984K, used 858263K [0x000000070b400000, 0x0000000800000000)
  region size 2048K, 197 young (403456K), 13 survivors (26624K)
 Metaspace       used 125573K, committed 127232K, reserved 1179648K
  class space    used 18171K, committed 18880K, reserved 1048576K
}
Event: 27.977 GC heap after
{Heap after GC invocations=51 (full 0):
 garbage-first heap   total 937984K, used 494577K [0x000000070b400000, 0x0000000800000000)
  region size 2048K, 19 young (38912K), 19 survivors (38912K)
 Metaspace       used 125573K, committed 127232K, reserved 1179648K
  class space    used 18171K, committed 18880K, reserved 1048576K
}
Event: 29.536 GC heap before
{Heap before GC invocations=52 (full 0):
 garbage-first heap   total 937984K, used 844785K [0x000000070b400000, 0x0000000800000000)
  region size 2048K, 191 young (391168K), 19 survivors (38912K)
 Metaspace       used 125731K, committed 127360K, reserved 1179648K
  class space    used 18190K, committed 18880K, reserved 1048576K
}
Event: 29.542 GC heap after
{Heap after GC invocations=53 (full 0):
 garbage-first heap   total 937984K, used 498301K [0x000000070b400000, 0x0000000800000000)
  region size 2048K, 15 young (30720K), 15 survivors (30720K)
 Metaspace       used 125731K, committed 127360K, reserved 1179648K
  class space    used 18190K, committed 18880K, reserved 1048576K
}
Event: 31.266 GC heap before
{Heap before GC invocations=53 (full 0):
 garbage-first heap   total 937984K, used 854653K [0x000000070b400000, 0x0000000800000000)
  region size 2048K, 189 young (387072K), 15 survivors (30720K)
 Metaspace       used 125860K, committed 127488K, reserved 1179648K
  class space    used 18198K, committed 18880K, reserved 1048576K
}
Event: 31.275 GC heap after
{Heap after GC invocations=54 (full 0):
 garbage-first heap   total 937984K, used 496358K [0x000000070b400000, 0x0000000800000000)
  region size 2048K, 12 young (24576K), 12 survivors (24576K)
 Metaspace       used 125860K, committed 127488K, reserved 1179648K
  class space    used 18198K, committed 18880K, reserved 1048576K
}
Event: 32.753 GC heap before
{Heap before GC invocations=54 (full 0):
 garbage-first heap   total 937984K, used 862950K [0x000000070b400000, 0x0000000800000000)
  region size 2048K, 191 young (391168K), 12 survivors (24576K)
 Metaspace       used 125943K, committed 127552K, reserved 1179648K
  class space    used 18202K, committed 18880K, reserved 1048576K
}
Event: 32.759 GC heap after
{Heap after GC invocations=55 (full 0):
 garbage-first heap   total 937984K, used 497269K [0x000000070b400000, 0x0000000800000000)
  region size 2048K, 13 young (26624K), 13 survivors (26624K)
 Metaspace       used 125943K, committed 127552K, reserved 1179648K
  class space    used 18202K, committed 18880K, reserved 1048576K
}
Event: 35.152 GC heap before
{Heap before GC invocations=56 (full 0):
 garbage-first heap   total 937984K, used 859765K [0x000000070b400000, 0x0000000800000000)
  region size 2048K, 190 young (389120K), 13 survivors (26624K)
 Metaspace       used 126034K, committed 127616K, reserved 1179648K
  class space    used 18202K, committed 18880K, reserved 1048576K
}
Event: 35.157 GC heap after
{Heap after GC invocations=57 (full 0):
 garbage-first heap   total 937984K, used 497262K [0x000000070b400000, 0x0000000800000000)
  region size 2048K, 13 young (26624K), 13 survivors (26624K)
 Metaspace       used 126034K, committed 127616K, reserved 1179648K
  class space    used 18202K, committed 18880K, reserved 1048576K
}
Event: 37.791 GC heap before
{Heap before GC invocations=57 (full 0):
 garbage-first heap   total 937984K, used 859758K [0x000000070b400000, 0x0000000800000000)
  region size 2048K, 190 young (389120K), 13 survivors (26624K)
 Metaspace       used 126086K, committed 127680K, reserved 1179648K
  class space    used 18202K, committed 18880K, reserved 1048576K
}
Event: 37.801 GC heap after
{Heap after GC invocations=58 (full 0):
 garbage-first heap   total 937984K, used 494600K [0x000000070b400000, 0x0000000800000000)
  region size 2048K, 13 young (26624K), 13 survivors (26624K)
 Metaspace       used 126086K, committed 127680K, reserved 1179648K
  class space    used 18202K, committed 18880K, reserved 1048576K
}
Event: 40.470 GC heap before
{Heap before GC invocations=58 (full 0):
 garbage-first heap   total 937984K, used 859144K [0x000000070b400000, 0x0000000800000000)
  region size 2048K, 192 young (393216K), 13 survivors (26624K)
 Metaspace       used 126377K, committed 128000K, reserved 1179648K
  class space    used 18229K, committed 18944K, reserved 1048576K
}
Event: 40.475 GC heap after
{Heap after GC invocations=59 (full 0):
 garbage-first heap   total 937984K, used 494582K [0x000000070b400000, 0x0000000800000000)
  region size 2048K, 13 young (26624K), 13 survivors (26624K)
 Metaspace       used 126377K, committed 128000K, reserved 1179648K
  class space    used 18229K, committed 18944K, reserved 1048576K
}

